[0m
[0m [0m [0m [0m [0m [0m [0m [0m [0m [0m [0m [0m [0m [0m [0m [0m [0m [0m [0m [0m [0m [0m [0m [0m [0m [0m [0m [0m [0m [0m [0m [0m [0m [0m [0m [0m [0m [0m [0m [0m [0m [0m [0m [0m [0m [0m [0m [0m [0m [0m [0m [0m [0m [0m [0m [0m [0m [0m [0m [48;5;255m [48;5;255m [0m [0m [0m [0m [0m [0m [0m [0m [0m [0m [0m [0m
[0m [0m [0m [0m [0m [0m [0m [0m [0m [0m [0m [0m [0m [0m [0m [0m [0m [0m [0m [0m [0m [0m [0m [0m [0m [0m [0m [0m [0m [0m [0m [0m [0m [0m [0m [0m [0m [0m [0m [0m [0m [0m [0m [0m [0m [0m [0m [0m [0m [0m [0m [0m [0m [0m [0m [0m [0m [0m [0m [48;5;255m [48;5;255m [0m [0m [0m [0m [0m [0m [0m [0m [0m [0m [0m [0m
[0m [0m [0m [0m [0m [0m [0m [0m [0m [0m [0m [0m [0m [0m [0m [0m [0m [0m [0m [0m [0m [0m [0m [0m [0m [0m [0m [0m [0m [0m [0m [0m [0m [0m [0m [0m [0m [0m [0m [0m [0m [0m [0m [0m [0m [0m [0m [0m [0m [0m [0m [0m [0m [0m [0m [0m [0m [0m [0m [48;5;255m [48;5;255m [0m [0m [0m [0m [0m [0m [0m [0m [0m [0m [0m [0m
[48;5;255m [48;5;255m [48;5;255m [48;5;255m [48;5;255m [48;5;255m [48;5;255m [0m [0m [48;5;255m [48;5;255m [48;5;255m [48;5;255m [48;5;255m [48;5;255m [48;5;255m [48;5;255m [0m [0m [48;5;255m [48;5;255m [48;5;255m [48;5;255m [48;5;255m [48;5;255m [48;5;255m [48;5;255m [48;5;255m [48;5;255m [48;5;255m [48;5;255m [0m [0m [48;5;255m [48;5;255m [48;5;255m [48;5;255m [48;5;255m [48;5;255m [48;5;255m [48;5;255m [0m [0m [48;5;255m [48;5;255m [48;5;255m [48;5;255m [48;5;255m [48;5;255m [48;5;255m [48;5;255m [0m [0m [48;5;255m [48;5;255m [48;5;255m [48;5;255m [48;5;255m [48;5;255m [48;5;255m [48;5;255m [0m [0m [48;5;255m [48;5;255m [48;5;255m [48;5;255m [48;5;255m [48;5;255m [48;5;255m [48;5;255m [0m [0m [48;5;255m [48;5;255m [48;5;255m [48;5;255m [48;5;255m [48;5;255m [48;5;255m [48;5;255m [0m
[48;5;255m [48;5;255m [0m [0m [0m [0m [0m [0m [0m [48;5;255m [48;5;255m [0m [0m [0m [0m [48;5;255m [48;5;255m [0m [0m [48;5;255m [48;5;255m [0m [0m [0m [48;5;255m [48;5;255m [0m [0m [0m [48;5;255m [48;5;255m [0m [0m [48;5;255m [48;5;255m [0m [0m [0m [0m [48;5;255m [48;5;255m [0m [0m [48;5;255m [48;5;255m [0m [0m [0m [0m [48;5;255m [48;5;255m [0m [0m [48;5;255m [48;5;255m [0m [0m [0m [0m [48;5;255m [48;5;255m [0m [0m [48;5;255m [48;5;255m [0m [0m [0m [0m [48;5;255m [48;5;255m [0m [0m [48;5;255m [48;5;255m [0m
[48;5;255m [48;5;255m [0m [0m [0m [0m [0m [0m [0m [48;5;255m [48;5;255m [0m [0m [0m [0m [48;5;255m [48;5;255m [0m [0m [48;5;255m [48;5;255m [0m [0m [0m [48;5;255m [48;5;255m [0m [0m [0m [48;5;255m [48;5;255m [0m [0m [48;5;255m [48;5;255m [0m [0m [0m [0m [48;5;255m [48;5;255m [0m [0m [48;5;255m [48;5;255m [0m [0m [0m [0m [48;5;255m [48;5;255m [0m [0m [48;5;255m [48;5;255m [0m [0m [0m [0m [48;5;255m [48;5;255m [0m [0m [48;5;255m [48;5;255m [0m [0m [0m [0m [48;5;255m [48;5;255m [0m [0m [48;5;255m [48;5;255m [0m
[48;5;255m [48;5;255m [0m [0m [0m [0m [0m [0m [0m [48;5;255m [48;5;255m [0m [0m [0m [0m [48;5;255m [48;5;255m [0m [0m [48;5;255m [48;5;255m [0m [0m [0m [48;5;255m [48;5;255m [0m [0m [0m [48;5;255m [48;5;255m [0m [0m [48;5;255m [48;5;255m [0m [0m [0m [0m [48;5;255m [48;5;255m [0m [0m [48;5;255m [48;5;255m [0m [0m [0m [0m [48;5;255m [48;5;255m [0m [0m [48;5;255m [48;5;255m [0m [0m [0m [0m [48;5;255m [48;5;255m [0m [0m [48;5;255m [48;5;255m [0m [0m [0m [0m [48;5;255m [48;5;255m [0m [0m [48;5;255m [48;5;255m [0m
[48;5;255m [48;5;255m [48;5;255m [48;5;255m [48;5;255m [48;5;255m [48;5;255m [0m [0m [48;5;255m [48;5;255m [48;5;255m [48;5;255m [48;5;255m [48;5;255m [48;5;255m [48;5;255m [0m [0m [48;5;255m [48;5;255m [0m [0m [0m [48;5;255m [48;5;255m [0m [0m [0m [48;5;255m [48;5;255m [0m [0m [48;5;255m [48;5;255m [48;5;255m [48;5;255m [48;5;255m [48;5;255m [48;5;255m [48;5;255m [0m [0m [48;5;255m [48;5;255m [48;5;255m [48;5;255m [48;5;255m [48;5;255m [48;5;255m [48;5;255m [0m [0m [48;5;255m [48;5;255m [48;5;255m [48;5;255m [48;5;255m [48;5;255m [48;5;255m [48;5;255m [0m [0m [48;5;255m [48;5;255m [48;5;255m [48;5;255m [48;5;255m [48;5;255m [48;5;255m [48;5;255m [0m [0m [48;5;255m [48;5;255m [48;5;255m [48;5;255m [48;5;255m [48;5;255m [48;5;255m [48;5;255m [0m
[0m [0m [0m [0m [0m [0m [0m [0m [0m [0m [0m [0m [0m [0m [0m [0m [0m [0m [0m [0m [0m [0m [0m [0m [0m [0m [0m [0m [0m [0m [0m [0m [0m [48;5;255m [48;5;255m [0m [0m [0m [0m [0m [0m [0m [0m [0m [0m [0m [0m
[0m [0m [0m [0m [0m [0m [0m [0m [0m [0m [0m [0m [0m [0m [0m [0m [0m [0m [0m [0m [0m [0m [0m [0m [0m [0m [0m [0m [0m [0m [0m [0m [0m [48;5;255m [48;5;255m [0m [0m [0m [0m [0m [0m [0m [0m [0m [0m [0m [0m
[0m [0m [0m [0m [0m [0m [0m [0m [0m [0m [0m [0m [0m [0m [0m [0m [0m [0m [0m [0m [0m [0m [0m [0m [0m [0m [0m [0m [0m [0m [0m [0m [0m [48;5;255m [48;5;255m [0m [0m [0m [0m [0m [0m [0m [0m [0m [0m [0m [0m

1.1.11

TypeScript version used by Compodoc : 2.9.1

TypeScript version of current project : 4.2.3

Node.js version : v14.17.2

Operating system : Linux 5.4

[19:08:43] No configuration file found, switching to CLI flags.
[19:08:43] Using tsconfig file : /home/administrator/Desktop/Story-Book/tsconfig.json
[19:08:43] Including      : /home/administrator/Desktop/Story-Book/.browserslistrc
[19:08:43] Including      : /home/administrator/Desktop/Story-Book/.editorconfig
[19:08:43] Including      : /home/administrator/Desktop/Story-Book/.gitignore
[19:08:43] Including      : /home/administrator/Desktop/Story-Book/README.md
[19:08:43] Including      : /home/administrator/Desktop/Story-Book/angular.json
[19:08:43] Including      : /home/administrator/Desktop/Story-Book/build-storybook.log
[19:08:43] Including      : /home/administrator/Desktop/Story-Book/documentation.json
[19:08:43] Including      : /home/administrator/Desktop/Story-Book/karma.conf.js
[19:08:43] Including      : /home/administrator/Desktop/Story-Book/package-lock.json
[19:08:43] Including      : /home/administrator/Desktop/Story-Book/package.json
[19:08:43] Including      : /home/administrator/Desktop/Story-Book/tsconfig.app.json
[19:08:43] Including      : /home/administrator/Desktop/Story-Book/tsconfig.json
[19:08:43] Including      : /home/administrator/Desktop/Story-Book/tsconfig.spec.json
[19:08:43] Including      : /home/administrator/Desktop/Story-Book/.idea/.gitignore
[19:08:43] Including      : /home/administrator/Desktop/Story-Book/.idea/Story-Book.iml
[19:08:43] Including      : /home/administrator/Desktop/Story-Book/.idea/modules.xml
[19:08:43] Including      : /home/administrator/Desktop/Story-Book/.idea/vcs.xml
[19:08:43] Including      : /home/administrator/Desktop/Story-Book/.idea/workspace.xml
[19:08:43] Including      : /home/administrator/Desktop/Story-Book/.storybook/main.js
[19:08:43] Including      : /home/administrator/Desktop/Story-Book/.storybook/preview.js
[19:08:43] Including      : /home/administrator/Desktop/Story-Book/.storybook/tsconfig.json
[19:08:43] Ignoring       : /home/administrator/Desktop/Story-Book/.storybook/typings.d.ts
[19:08:43] Including      : /home/administrator/Desktop/Story-Book/src/favicon.ico
[19:08:43] Including      : /home/administrator/Desktop/Story-Book/src/index.html
[19:08:43] Including      : /home/administrator/Desktop/Story-Book/src/main.ts
[19:08:43] Including      : /home/administrator/Desktop/Story-Book/src/polyfills.ts
[19:08:43] Including      : /home/administrator/Desktop/Story-Book/src/styles.css
[19:08:43] Including      : /home/administrator/Desktop/Story-Book/src/test.ts
[19:08:43] Including      : /home/administrator/Desktop/Story-Book/dist/Story-Book/3rdpartylicenses.txt
[19:08:43] Including      : /home/administrator/Desktop/Story-Book/dist/Story-Book/favicon.ico
[19:08:43] Including      : /home/administrator/Desktop/Story-Book/dist/Story-Book/index.html
[19:08:43] Including      : /home/administrator/Desktop/Story-Book/dist/Story-Book/main.5484caf0f30567332866.js
[19:08:43] Including      : /home/administrator/Desktop/Story-Book/dist/Story-Book/polyfills.7d35a05387ee225f19f0.js
[19:08:43] Including      : /home/administrator/Desktop/Story-Book/dist/Story-Book/runtime.ac9868a58e79924add3c.js
[19:08:43] Including      : /home/administrator/Desktop/Story-Book/dist/Story-Book/styles.31d6cfe0d16ae931b73c.css
[19:08:43] Including      : /home/administrator/Desktop/Story-Book/coverage/Story-Book/base.css
[19:08:43] Including      : /home/administrator/Desktop/Story-Book/coverage/Story-Book/block-navigation.js
[19:08:43] Including      : /home/administrator/Desktop/Story-Book/coverage/Story-Book/favicon.png
[19:08:43] Including      : /home/administrator/Desktop/Story-Book/coverage/Story-Book/index.html
[19:08:43] Including      : /home/administrator/Desktop/Story-Book/coverage/Story-Book/prettify.css
[19:08:43] Including      : /home/administrator/Desktop/Story-Book/coverage/Story-Book/prettify.js
[19:08:43] Including      : /home/administrator/Desktop/Story-Book/coverage/Story-Book/sort-arrow-sprite.png
[19:08:43] Including      : /home/administrator/Desktop/Story-Book/coverage/Story-Book/sorter.js
[19:08:43] Including      : /home/administrator/Desktop/Story-Book/src/app/app.component.css
[19:08:43] Including      : /home/administrator/Desktop/Story-Book/src/app/app.component.html
[19:08:43] Ignoring       : /home/administrator/Desktop/Story-Book/src/app/app.component.spec.ts
[19:08:43] Including      : /home/administrator/Desktop/Story-Book/src/app/app.component.ts
[19:08:43] Including      : /home/administrator/Desktop/Story-Book/src/app/app.module.ts
[19:08:43] Including      : /home/administrator/Desktop/Story-Book/src/assets/.gitkeep
[19:08:43] Including      : /home/administrator/Desktop/Story-Book/src/assets/hotel_california.jpeg
[19:08:43] Including      : /home/administrator/Desktop/Story-Book/src/environments/environment.prod.ts
[19:08:43] Including      : /home/administrator/Desktop/Story-Book/src/environments/environment.ts
[19:08:43] Including      : /home/administrator/Desktop/Story-Book/src/stories/Button.stories.ts
[19:08:43] Including      : /home/administrator/Desktop/Story-Book/src/stories/Header.stories.ts
[19:08:43] Including      : /home/administrator/Desktop/Story-Book/src/stories/Introduction.stories.mdx
[19:08:43] Including      : /home/administrator/Desktop/Story-Book/src/stories/Ohrm-button.stories.ts
[19:08:43] Including      : /home/administrator/Desktop/Story-Book/src/stories/button.component.ts
[19:08:43] Including      : /home/administrator/Desktop/Story-Book/src/stories/button.css
[19:08:43] Including      : /home/administrator/Desktop/Story-Book/src/stories/header.component.ts
[19:08:43] Including      : /home/administrator/Desktop/Story-Book/src/stories/header.css
[19:08:43] Including      : /home/administrator/Desktop/Story-Book/dist/Story-Book/assets/hotel_california.jpeg
[19:08:43] Including      : /home/administrator/Desktop/Story-Book/src/app/ohrm-button/ohrm-button.component.css
[19:08:43] Including      : /home/administrator/Desktop/Story-Book/src/app/ohrm-button/ohrm-button.component.html
[19:08:43] Ignoring       : /home/administrator/Desktop/Story-Book/src/app/ohrm-button/ohrm-button.component.spec.ts
[19:08:43] Including      : /home/administrator/Desktop/Story-Book/src/app/ohrm-button/ohrm-button.component.ts
[19:08:43] Including      : /home/administrator/Desktop/Story-Book/src/stories/assets/code-brackets.svg
[19:08:43] Including      : /home/administrator/Desktop/Story-Book/src/stories/assets/colors.svg
[19:08:43] Including      : /home/administrator/Desktop/Story-Book/src/stories/assets/comments.svg
[19:08:43] Including      : /home/administrator/Desktop/Story-Book/src/stories/assets/direction.svg
[19:08:43] Including      : /home/administrator/Desktop/Story-Book/src/stories/assets/flow.svg
[19:08:43] Including      : /home/administrator/Desktop/Story-Book/src/stories/assets/plugin.svg
[19:08:43] Including      : /home/administrator/Desktop/Story-Book/src/stories/assets/repo.svg
[19:08:43] Including      : /home/administrator/Desktop/Story-Book/src/stories/assets/stackalt.svg
[19:08:43] Searching package.json file
[19:08:43] package.json file found
[19:08:43] Processing package.json dependencies
[19:08:43] Searching README.md, CHANGELOG.md, CONTRIBUTING.md, LICENSE.md, TODO.md files
[19:08:43] README.md file found
[19:08:43] Error during /home/administrator/Desktop/Story-Book/CHANGELOG read
[19:08:43] Continuing without CHANGELOG.md file
[19:08:43] Error during /home/administrator/Desktop/Story-Book/CONTRIBUTING read
[19:08:43] Continuing without CONTRIBUTING.md file
[19:08:43] Error during /home/administrator/Desktop/Story-Book/LICENSE read
[19:08:43] Continuing without LICENSE.md file
[19:08:43] Error during /home/administrator/Desktop/Story-Book/TODO read
[19:08:43] Continuing without TODO.md file
[19:08:43] Get dependencies data
[19:08:44] parsing        : /home/administrator/Desktop/Story-Book/src/main.ts
[19:08:44] parsing        : /home/administrator/Desktop/Story-Book/src/polyfills.ts
[19:08:44] parsing        : /home/administrator/Desktop/Story-Book/src/test.ts
[19:08:44] parsing        : /home/administrator/Desktop/Story-Book/src/app/app.component.ts
[19:08:44] found          : AppComponent
[19:08:44] parsing        : /home/administrator/Desktop/Story-Book/src/app/app.module.ts
[19:08:44] found          : AppModule
[19:08:44]                : - imports:
[19:08:44]                : 	- BrowserModule
[19:08:44]                : - declarations:
[19:08:44]                : 	- AppComponent
[19:08:44]                : 	- OhrmButtonComponent
[19:08:44]                : - bootstrap:
[19:08:44]                : 	- AppComponent
[19:08:44] parsing        : /home/administrator/Desktop/Story-Book/src/environments/environment.prod.ts
[19:08:44] parsing        : /home/administrator/Desktop/Story-Book/src/environments/environment.ts
[19:08:44] parsing        : /home/administrator/Desktop/Story-Book/src/stories/Button.stories.ts
[19:08:44] parsing        : /home/administrator/Desktop/Story-Book/src/stories/Header.stories.ts
[19:08:44] parsing        : /home/administrator/Desktop/Story-Book/src/stories/Ohrm-button.stories.ts
[19:08:44] parsing        : /home/administrator/Desktop/Story-Book/src/stories/button.component.ts
[19:08:44] found          : ButtonComponent
[19:08:44] parsing        : /home/administrator/Desktop/Story-Book/src/stories/header.component.ts
[19:08:44] found          : HeaderComponent
[19:08:44] parsing        : /home/administrator/Desktop/Story-Book/src/app/ohrm-button/ohrm-button.component.ts
[19:08:44] found          : OhrmButtonComponent
[19:08:44] -------------------
[19:08:44] Project statistics 
[19:08:44] - files      : 70
[19:08:44] - module     : 1
[19:08:44] - component  : 4
[19:08:44] -------------------
[19:08:44] Prepare components
[19:08:44]  AppComponent has a templateUrl, include it
[19:08:44]  AppComponent has styleUrls, include them
[19:08:44]  ButtonComponent has styleUrls, include them
[19:08:44]  HeaderComponent has styleUrls, include them
[19:08:44]  OhrmButtonComponent has a templateUrl, include it
[19:08:44]  OhrmButtonComponent has styleUrls, include them
[19:08:44] Prepare modules
[19:08:44] Prepare miscellaneous
[19:08:44] Process documentation coverage report
[19:08:44] Generating documentation in export format json
[19:08:44] Documentation generated in ./ in 1.008 seconds

┌─────────────────────────────────────────────────────────────────┐
│                     npm update check failed                     │
│               Try running with sudo or get access               │
│              to the local update config store via               │
│ sudo chown -R $USER:$(id -gn $USER) /home/administrator/.config │
└─────────────────────────────────────────────────────────────────┘
info @storybook/angular v6.4.0-alpha.9
info 
info => Cleaning outputDir: /tmp/chromatic--24424-LgB1ItYugCGK
info => Loading presets
info => Compiling preview..
info => Loading 1 config file in "/home/administrator/Desktop/Story-Book/.storybook"
info => Loading 9 other files in "/home/administrator/Desktop/Story-Book/.storybook"
info => Adding stories defined in "/home/administrator/Desktop/Story-Book/.storybook/main.js"
info => Found custom tsconfig.json
info => Using implicit CSS loaders
info => Loading angular-cli config
info => Using angular project "Story-Book:build" for configuring Storybook
info => Using angular-cli webpack config
info => Using default Webpack5 setup
<s> [webpack.Progress] 0% 

<s> [webpack.Progress] 1% setup initialize
<s> [webpack.Progress] 1% setup initialize HtmlWebpackPlugin
<s> [webpack.Progress] 1% setup initialize
<s> [webpack.Progress] 2% setup before run
<s> [webpack.Progress] 2% setup before run NodeEnvironmentPlugin
<s> [webpack.Progress] 2% setup before run
<s> [webpack.Progress] 3% setup run
<s> [webpack.Progress] 3% setup run fork-ts-checker-webpack-plugin
<s> [webpack.Progress] 3% setup run
<s> [webpack.Progress] 4% setup normal module factory
<s> [webpack.Progress] 4% setup normal module factory CaseSensitivePathsPlugin
<s> [webpack.Progress] 4% setup normal module factory
<s> [webpack.Progress] 5% setup context module factory
<s> [webpack.Progress] 5% setup context module factory ContextReplacementPlugin
<s> [webpack.Progress] 5% setup context module factory ContextReplacementPlugin
<s> [webpack.Progress] 5% setup context module factory
<s> [webpack.Progress] 6% setup before compile
<s> [webpack.Progress] 6% setup before compile ProgressPlugin
<s> [webpack.Progress] 6% setup before compile
<s> [webpack.Progress] 7% setup compile
<s> [webpack.Progress] 7% setup compile fork-ts-checker-webpack-plugin
Starting type checking service...
<s> [webpack.Progress] 7% setup compile ExternalsPlugin
<s> [webpack.Progress] 7% setup compile
<s> [webpack.Progress] 8% setup compilation
<s> [webpack.Progress] 8% setup compilation CopyPlugin
<s> [webpack.Progress] 8% setup compilation ArrayPushCallbackChunkFormatPlugin
<s> [webpack.Progress] 8% setup compilation JsonpChunkLoadingPlugin
<s> [webpack.Progress] 8% setup compilation StartupChunkDependenciesPlugin
<s> [webpack.Progress] 8% setup compilation ImportScriptsChunkLoadingPlugin
<s> [webpack.Progress] 8% setup compilation FetchCompileWasmPlugin
<s> [webpack.Progress] 8% setup compilation FetchCompileAsyncWasmPlugin
<s> [webpack.Progress] 8% setup compilation WorkerPlugin
<s> [webpack.Progress] 8% setup compilation SplitChunksPlugin
<s> [webpack.Progress] 8% setup compilation RuntimeChunkPlugin
<s> [webpack.Progress] 8% setup compilation ResolverCachePlugin
<s> [webpack.Progress] 8% setup compilation HtmlWebpackPlugin
<s> [webpack.Progress] 8% setup compilation
<s> [webpack.Progress] 9% setup compilation
<s> [webpack.Progress] 9% setup compilation AnyComponentStyleBudgetChecker
<s> [webpack.Progress] 9% setup compilation DedupeModuleResolvePlugin
<s> [webpack.Progress] 9% setup compilation DefinePlugin
<s> [webpack.Progress] 9% setup compilation ProgressPlugin
<s> [webpack.Progress] 9% setup compilation ChunkPrefetchPreloadPlugin
<s> [webpack.Progress] 9% setup compilation SourceMapDevToolPlugin
<s> [webpack.Progress] 9% setup compilation JavascriptModulesPlugin
<s> [webpack.Progress] 9% setup compilation JsonModulesPlugin
<s> [webpack.Progress] 9% setup compilation AssetModulesPlugin
<s> [webpack.Progress] 9% setup compilation EntryPlugin
<s> [webpack.Progress] 9% setup compilation EntryPlugin
<s> [webpack.Progress] 9% setup compilation EntryPlugin
<s> [webpack.Progress] 9% setup compilation EntryPlugin
<s> [webpack.Progress] 9% setup compilation EntryPlugin
<s> [webpack.Progress] 9% setup compilation EntryPlugin
<s> [webpack.Progress] 9% setup compilation EntryPlugin
<s> [webpack.Progress] 9% setup compilation EntryPlugin
<s> [webpack.Progress] 9% setup compilation EntryPlugin
<s> [webpack.Progress] 9% setup compilation EntryPlugin
<s> [webpack.Progress] 9% setup compilation EntryPlugin
<s> [webpack.Progress] 9% setup compilation EntryPlugin
<s> [webpack.Progress] 9% setup compilation EntryPlugin
<s> [webpack.Progress] 9% setup compilation EntryPlugin
<s> [webpack.Progress] 9% setup compilation EntryPlugin
<s> [webpack.Progress] 9% setup compilation RuntimePlugin
<s> [webpack.Progress] 9% setup compilation InferAsyncModulesPlugin
<s> [webpack.Progress] 9% setup compilation DataUriPlugin
<s> [webpack.Progress] 9% setup compilation FileUriPlugin
<s> [webpack.Progress] 9% setup compilation CompatibilityPlugin
<s> [webpack.Progress] 9% setup compilation HarmonyModulesPlugin
<s> [webpack.Progress] 9% setup compilation AMDPlugin
<s> [webpack.Progress] 9% setup compilation RequireJsStuffPlugin
<s> [webpack.Progress] 9% setup compilation CommonJsPlugin
<s> [webpack.Progress] 9% setup compilation LoaderPlugin
<s> [webpack.Progress] 9% setup compilation LoaderPlugin
<s> [webpack.Progress] 9% setup compilation NodeStuffPlugin
<s> [webpack.Progress] 9% setup compilation APIPlugin
<s> [webpack.Progress] 9% setup compilation ExportsInfoApiPlugin
<s> [webpack.Progress] 9% setup compilation WebpackIsIncludedPlugin
<s> [webpack.Progress] 9% setup compilation ConstPlugin
<s> [webpack.Progress] 9% setup compilation UseStrictPlugin
<s> [webpack.Progress] 9% setup compilation RequireIncludePlugin
<s> [webpack.Progress] 9% setup compilation RequireEnsurePlugin
<s> [webpack.Progress] 9% setup compilation RequireContextPlugin
<s> [webpack.Progress] 9% setup compilation ImportPlugin
<s> [webpack.Progress] 9% setup compilation SystemPlugin
<s> [webpack.Progress] 9% setup compilation ImportMetaPlugin
<s> [webpack.Progress] 9% setup compilation URLPlugin
<s> [webpack.Progress] 9% setup compilation DefaultStatsFactoryPlugin
<s> [webpack.Progress] 9% setup compilation DefaultStatsPresetPlugin
<s> [webpack.Progress] 9% setup compilation DefaultStatsPrinterPlugin
<s> [webpack.Progress] 9% setup compilation JavascriptMetaInfoPlugin
<s> [webpack.Progress] 9% setup compilation EnsureChunkConditionsPlugin
<s> [webpack.Progress] 9% setup compilation RemoveEmptyChunksPlugin
<s> [webpack.Progress] 9% setup compilation MergeDuplicateChunksPlugin
<s> [webpack.Progress] 9% setup compilation FlagIncludedChunksPlugin
<s> [webpack.Progress] 9% setup compilation SideEffectsFlagPlugin
<s> [webpack.Progress] 9% setup compilation FlagDependencyExportsPlugin
<s> [webpack.Progress] 9% setup compilation FlagDependencyUsagePlugin
<s> [webpack.Progress] 9% setup compilation InnerGraphPlugin
<s> [webpack.Progress] 9% setup compilation MangleExportsPlugin
<s> [webpack.Progress] 9% setup compilation ModuleConcatenationPlugin
<s> [webpack.Progress] 9% setup compilation NoEmitOnErrorsPlugin
<s> [webpack.Progress] 9% setup compilation RealContentHashPlugin
<s> [webpack.Progress] 9% setup compilation WasmFinalizeExportsPlugin
<s> [webpack.Progress] 9% setup compilation NamedModuleIdsPlugin
<s> [webpack.Progress] 9% setup compilation DeterministicChunkIdsPlugin
<s> [webpack.Progress] 9% setup compilation DefinePlugin
<s> [webpack.Progress] 9% setup compilation TerserPlugin
<s> [webpack.Progress] 9% setup compilation TemplatedPathPlugin
<s> [webpack.Progress] 9% setup compilation RecordIdsPlugin
<s> [webpack.Progress] 9% setup compilation WarnCaseSensitiveModulesPlugin
<s> [webpack.Progress] 9% setup compilation IgnoreWarningsPlugin
<s> [webpack.Progress] 9% setup compilation
<s> [webpack.Progress] 10% building
<s> [webpack.Progress] 10% building 0/1 entries 0/0 dependencies 0/0 modules
<s> [webpack.Progress] 10% building import loader ./node_modules/babel-loader/lib/index.js
<s> [webpack.Progress] 10% building 0/15 entries 3/15 dependencies 0/3 modules
<s> [webpack.Progress] 10% building import loader ./node_modules/style-loader/dist/cjs.js
<s> [webpack.Progress] 10% building import loader ./node_modules/css-loader/dist/cjs.js
<s> [webpack.Progress] 10% building import loader ./node_modules/postcss-loader/dist/cjs.js
<s> [webpack.Progress] 10% building 0/15 entries 11/15 dependencies 0/11 modules
<s> [webpack.Progress] 10% building 0/15 entries 16/45 dependencies 0/16 modules
<s> [webpack.Progress] 13% building 1/15 entries 45/76 dependencies 5/42 modules
<s> [webpack.Progress] 13% building import loader ./node_modules/@mdx-js/loader/index.js
<s> [webpack.Progress] 13% building 1/15 entries 89/169 dependencies 9/57 modules
<s> [webpack.Progress] 13% building import loader ./node_modules/ts-loader/index.js
<s> [webpack.Progress] 13% building import loader ./node_modules/@storybook/angular/dist/ts3.9/server/ngx-template-loader/index.js
<s> [webpack.Progress] 13% building import loader ./node_modules/@storybook/source-loader/dist/cjs/index.js
<s> [webpack.Progress] 13% building 1/15 entries 141/218 dependencies 11/90 modules
<s> [webpack.Progress] 17% building 2/15 entries 141/218 dependencies 11/90 modules
<s> [webpack.Progress] 17% building 2/15 entries 175/225 dependencies 15/105 modules
<s> [webpack.Progress] 17% building 2/15 entries 500/563 dependencies 16/229 modules
[BABEL] Note: The code generator has deoptimised the styling of /home/administrator/Desktop/Story-Book/node_modules/prettier/standalone.js as it exceeds the max of 500KB.
<s> [webpack.Progress] 17% building 2/15 entries 700/935 dependencies 25/275 modules
<s> [webpack.Progress] 17% building 2/15 entries 1106/1300 dependencies 72/330 modules
<s> [webpack.Progress] 17% building 2/15 entries 1361/1500 dependencies 119/384 modules
<s> [webpack.Progress] 17% building import loader ./node_modules/raw-loader/dist/cjs.js
<s> [webpack.Progress] 17% building 2/15 entries 1533/1570 dependencies 215/414 modules
<s> [webpack.Progress] 17% building 2/15 entries 1900/2038 dependencies 279/468 modules
<s> [webpack.Progress] 17% building 2/15 entries 1972/2047 dependencies 284/500 modules
<s> [webpack.Progress] 17% building 2/15 entries 2400/2686 dependencies 324/588 modules
<s> [webpack.Progress] 17% building 2/15 entries 2924/3100 dependencies 383/800 modules
<s> [webpack.Progress] 17% building 2/15 entries 3200/3245 dependencies 441/896 modules
<s> [webpack.Progress] 17% building 2/15 entries 3694/3800 dependencies 583/985 modules
<s> [webpack.Progress] 17% building 2/15 entries 3771/3876 dependencies 600/991 modules
<s> [webpack.Progress] 18% building 2/15 entries 4265/4400 dependencies 813/1107 modules
<s> [webpack.Progress] 21% building 2/15 entries 4649/4700 dependencies 1003/1192 modules
<s> [webpack.Progress] 22% building 3/15 entries 4984/5008 dependencies 1133/1276 modules
<s> [webpack.Progress] 24% building 4/15 entries 4984/5008 dependencies 1134/1276 modules
<s> [webpack.Progress] 28% building 5/15 entries 4984/5008 dependencies 1135/1276 modules
<s> [webpack.Progress] 32% building 6/15 entries 4984/5008 dependencies 1136/1276 modules
<s> [webpack.Progress] 35% building 7/15 entries 4984/5008 dependencies 1137/1276 modules
<s> [webpack.Progress] 39% building 8/15 entries 4984/5008 dependencies 1138/1276 modules
<s> [webpack.Progress] 43% building 9/15 entries 4984/5008 dependencies 1139/1276 modules
<s> [webpack.Progress] 46% building 10/15 entries 4984/5008 dependencies 1140/1276 modules
<s> [webpack.Progress] 50% building 11/15 entries 4984/5008 dependencies 1141/1276 modules
<s> [webpack.Progress] 54% building 12/15 entries 5487/5501 dependencies 1371/1406 modules
<s> [webpack.Progress] 57% building 13/15 entries 5502/5505 dependencies 1396/1413 modules
<s> [webpack.Progress] 61% building 14/15 entries 5502/5505 dependencies 1397/1413 modules
<s> [webpack.Progress] 64% building 15/15 entries 5510/5510 dependencies 1416/1416 modules
<s> [webpack.Progress] 65% building
<s> [webpack.Progress] 69% building finish
<s> [webpack.Progress] 69% building finish
<s> [webpack.Progress] 70% sealing finish module graph
<s> [webpack.Progress] 70% sealing finish module graph ResolverCachePlugin
<s> [webpack.Progress] 70% sealing finish module graph InferAsyncModulesPlugin
<s> [webpack.Progress] 70% sealing finish module graph FlagDependencyExportsPlugin
<s> [webpack.Progress] 70% sealing finish module graph InnerGraphPlugin
<s> [webpack.Progress] 70% sealing finish module graph WasmFinalizeExportsPlugin
<s> [webpack.Progress] 70% sealing finish module graph
<s> [webpack.Progress] 70% sealing plugins
<s> [webpack.Progress] 70% sealing plugins WarnCaseSensitiveModulesPlugin
<s> [webpack.Progress] 70% sealing plugins
<s> [webpack.Progress] 71% sealing dependencies optimization
<s> [webpack.Progress] 71% sealing dependencies optimization SideEffectsFlagPlugin
<s> [webpack.Progress] 71% sealing dependencies optimization FlagDependencyUsagePlugin
<s> [webpack.Progress] 71% sealing dependencies optimization
<s> [webpack.Progress] 71% sealing after dependencies optimization
<s> [webpack.Progress] 71% sealing after dependencies optimization
<s> [webpack.Progress] 72% sealing chunk graph
<s> [webpack.Progress] 72% sealing chunk graph
<s> [webpack.Progress] 73% sealing after chunk graph
<s> [webpack.Progress] 73% sealing after chunk graph
<s> [webpack.Progress] 73% sealing optimizing
<s> [webpack.Progress] 73% sealing optimizing
<s> [webpack.Progress] 74% sealing module optimization
<s> [webpack.Progress] 74% sealing module optimization
<s> [webpack.Progress] 75% sealing after module optimization
<s> [webpack.Progress] 75% sealing after module optimization
<s> [webpack.Progress] 75% sealing chunk optimization
<s> [webpack.Progress] 75% sealing chunk optimization EnsureChunkConditionsPlugin
<s> [webpack.Progress] 75% sealing chunk optimization RemoveEmptyChunksPlugin
<s> [webpack.Progress] 75% sealing chunk optimization MergeDuplicateChunksPlugin
<s> [webpack.Progress] 75% sealing chunk optimization SplitChunksPlugin
<s> [webpack.Progress] 75% sealing chunk optimization RemoveEmptyChunksPlugin
<s> [webpack.Progress] 75% sealing chunk optimization
<s> [webpack.Progress] 76% sealing after chunk optimization
<s> [webpack.Progress] 76% sealing after chunk optimization
<s> [webpack.Progress] 77% sealing module and chunk tree optimization
<s> [webpack.Progress] 77% sealing module and chunk tree optimization PersistentChildCompilerSingletonPlugin
<s> [webpack.Progress] 77% sealing module and chunk tree optimization
<s> [webpack.Progress] 77% sealing after module and chunk tree optimization
<s> [webpack.Progress] 77% sealing after module and chunk tree optimization
<s> [webpack.Progress] 78% sealing chunk modules optimization
<s> [webpack.Progress] 78% sealing chunk modules optimization ModuleConcatenationPlugin
<s> [webpack.Progress] 78% sealing chunk modules optimization
<s> [webpack.Progress] 78% sealing after chunk modules optimization
<s> [webpack.Progress] 78% sealing after chunk modules optimization
<s> [webpack.Progress] 79% sealing module reviving
<s> [webpack.Progress] 79% sealing module reviving RecordIdsPlugin
<s> [webpack.Progress] 79% sealing module reviving
<s> [webpack.Progress] 80% sealing before module ids
<s> [webpack.Progress] 80% sealing before module ids
<s> [webpack.Progress] 80% sealing module ids
<s> [webpack.Progress] 80% sealing module ids NamedModuleIdsPlugin
<s> [webpack.Progress] 80% sealing module ids
<s> [webpack.Progress] 81% sealing module id optimization
<s> [webpack.Progress] 81% sealing module id optimization
<s> [webpack.Progress] 82% sealing module id optimization
<s> [webpack.Progress] 82% sealing module id optimization
<s> [webpack.Progress] 82% sealing chunk reviving
<s> [webpack.Progress] 82% sealing chunk reviving RecordIdsPlugin
<s> [webpack.Progress] 82% sealing chunk reviving
<s> [webpack.Progress] 83% sealing before chunk ids
<s> [webpack.Progress] 83% sealing before chunk ids
<s> [webpack.Progress] 84% sealing chunk ids
<s> [webpack.Progress] 84% sealing chunk ids DeterministicChunkIdsPlugin
<s> [webpack.Progress] 84% sealing chunk ids
<s> [webpack.Progress] 84% sealing chunk id optimization
<s> [webpack.Progress] 84% sealing chunk id optimization FlagIncludedChunksPlugin
<s> [webpack.Progress] 84% sealing chunk id optimization
<s> [webpack.Progress] 85% sealing after chunk id optimization
<s> [webpack.Progress] 85% sealing after chunk id optimization
<s> [webpack.Progress] 86% sealing record modules
<s> [webpack.Progress] 86% sealing record modules RecordIdsPlugin
<s> [webpack.Progress] 86% sealing record modules
<s> [webpack.Progress] 86% sealing record chunks
<s> [webpack.Progress] 86% sealing record chunks RecordIdsPlugin
<s> [webpack.Progress] 86% sealing record chunks
<s> [webpack.Progress] 87% sealing module hashing
<s> [webpack.Progress] 87% sealing module hashing
<s> [webpack.Progress] 87% sealing code generation
<s> [webpack.Progress] 87% sealing code generation
<s> [webpack.Progress] 88% sealing runtime requirements
<s> [webpack.Progress] 88% sealing runtime requirements
<s> [webpack.Progress] 89% sealing hashing
<s> [webpack.Progress] 89% sealing hashing
<s> [webpack.Progress] 89% sealing after hashing
<s> [webpack.Progress] 89% sealing after hashing
<s> [webpack.Progress] 90% sealing record hash
<s> [webpack.Progress] 90% sealing record hash
<s> [webpack.Progress] 91% sealing module assets processing
<s> [webpack.Progress] 91% sealing module assets processing
<s> [webpack.Progress] 91% sealing chunk assets processing
<s> [webpack.Progress] 91% sealing chunk assets processing
<s> [webpack.Progress] 92% sealing asset processing
<s> [webpack.Progress] 92% sealing asset processing copy-webpack-plugin
<s> [webpack.Progress] 92% sealing asset processing PersistentChildCompilerSingletonPlugin
<s> [webpack.Progress] 92% sealing asset processing TerserPlugin
<s> [webpack.Progress] 92% sealing asset processing SourceMapDevToolPlugin
<s> [webpack.Progress] 92% sealing asset processing SourceMapDevToolPlugin
<s> [webpack.Progress] 92% sealing asset processing SourceMapDevToolPlugin main.62eaa57c.iframe.bundle.js generate SourceMap
<s> [webpack.Progress] 92% sealing asset processing SourceMapDevToolPlugin main.62eaa57c.iframe.bundle.js generated SourceMap
<s> [webpack.Progress] 92% sealing asset processing SourceMapDevToolPlugin runtime~main.6a9f3d57.iframe.bundle.js generate SourceMap
<s> [webpack.Progress] 92% sealing asset processing SourceMapDevToolPlugin runtime~main.6a9f3d57.iframe.bundle.js generated SourceMap
<s> [webpack.Progress] 92% sealing asset processing SourceMapDevToolPlugin 90.91b53b8c.iframe.bundle.js generate SourceMap
<s> [webpack.Progress] 92% sealing asset processing SourceMapDevToolPlugin 90.91b53b8c.iframe.bundle.js generated SourceMap
<s> [webpack.Progress] 92% sealing asset processing SourceMapDevToolPlugin 913.2e888c65.iframe.bundle.js generate SourceMap
<s> [webpack.Progress] 92% sealing asset processing SourceMapDevToolPlugin 913.2e888c65.iframe.bundle.js generated SourceMap
<s> [webpack.Progress] 92% sealing asset processing SourceMapDevToolPlugin 881.8b758680.iframe.bundle.js generate SourceMap
<s> [webpack.Progress] 92% sealing asset processing SourceMapDevToolPlugin 881.8b758680.iframe.bundle.js generated SourceMap
<s> [webpack.Progress] 92% sealing asset processing SourceMapDevToolPlugin 459.3a887199.iframe.bundle.js generate SourceMap
<s> [webpack.Progress] 92% sealing asset processing SourceMapDevToolPlugin 459.3a887199.iframe.bundle.js generated SourceMap
<s> [webpack.Progress] 92% sealing asset processing SourceMapDevToolPlugin 331.37d67799.iframe.bundle.js generate SourceMap
<s> [webpack.Progress] 92% sealing asset processing SourceMapDevToolPlugin 331.37d67799.iframe.bundle.js generated SourceMap
<s> [webpack.Progress] 92% sealing asset processing SourceMapDevToolPlugin 974.0aa22af1.iframe.bundle.js generate SourceMap
<s> [webpack.Progress] 92% sealing asset processing SourceMapDevToolPlugin 974.0aa22af1.iframe.bundle.js generated SourceMap
<s> [webpack.Progress] 92% sealing asset processing SourceMapDevToolPlugin resolve sources
<s> [webpack.Progress] 92% sealing asset processing SourceMapDevToolPlugin main.62eaa57c.iframe.bundle.js attach SourceMap
<s> [webpack.Progress] 92% sealing asset processing SourceMapDevToolPlugin main.62eaa57c.iframe.bundle.js attached SourceMap
<s> [webpack.Progress] 92% sealing asset processing SourceMapDevToolPlugin runtime~main.6a9f3d57.iframe.bundle.js attach SourceMap
<s> [webpack.Progress] 92% sealing asset processing SourceMapDevToolPlugin runtime~main.6a9f3d57.iframe.bundle.js attached SourceMap
<s> [webpack.Progress] 92% sealing asset processing SourceMapDevToolPlugin 90.91b53b8c.iframe.bundle.js attach SourceMap
<s> [webpack.Progress] 92% sealing asset processing SourceMapDevToolPlugin 90.91b53b8c.iframe.bundle.js attached SourceMap
<s> [webpack.Progress] 92% sealing asset processing SourceMapDevToolPlugin 913.2e888c65.iframe.bundle.js attach SourceMap
<s> [webpack.Progress] 92% sealing asset processing SourceMapDevToolPlugin 913.2e888c65.iframe.bundle.js attached SourceMap
<s> [webpack.Progress] 92% sealing asset processing SourceMapDevToolPlugin 881.8b758680.iframe.bundle.js attach SourceMap
<s> [webpack.Progress] 92% sealing asset processing SourceMapDevToolPlugin 881.8b758680.iframe.bundle.js attached SourceMap
<s> [webpack.Progress] 92% sealing asset processing SourceMapDevToolPlugin 459.3a887199.iframe.bundle.js attach SourceMap
<s> [webpack.Progress] 92% sealing asset processing SourceMapDevToolPlugin 459.3a887199.iframe.bundle.js attached SourceMap
<s> [webpack.Progress] 92% sealing asset processing SourceMapDevToolPlugin 331.37d67799.iframe.bundle.js attach SourceMap
<s> [webpack.Progress] 92% sealing asset processing SourceMapDevToolPlugin 331.37d67799.iframe.bundle.js attached SourceMap
<s> [webpack.Progress] 92% sealing asset processing SourceMapDevToolPlugin 974.0aa22af1.iframe.bundle.js attach SourceMap
<s> [webpack.Progress] 92% sealing asset processing SourceMapDevToolPlugin 974.0aa22af1.iframe.bundle.js attached SourceMap
<s> [webpack.Progress] 92% sealing asset processing SourceMapDevToolPlugin
<s> [webpack.Progress] 92% sealing asset processing SourceMapDevToolPlugin
<s> [webpack.Progress] 92% sealing asset processing SourceMapDevToolPlugin resolve sources
<s> [webpack.Progress] 92% sealing asset processing SourceMapDevToolPlugin
<s> [webpack.Progress] 92% sealing asset processing HtmlWebpackPlugin
<s> [webpack.Progress] 92% sealing asset processing HtmlWebpackPlugin
<s> [webpack.Progress] 92% sealing asset processing HtmlWebpackPlugin resolve sources
<s> [webpack.Progress] 92% sealing asset processing HtmlWebpackPlugin
<s> [webpack.Progress] 92% sealing asset processing RealContentHashPlugin
<s> [webpack.Progress] 92% sealing asset processing RealContentHashPlugin
<s> [webpack.Progress] 92% sealing asset processing RealContentHashPlugin resolve sources
<s> [webpack.Progress] 92% sealing asset processing RealContentHashPlugin
<s> [webpack.Progress] 92% sealing asset processing AnyComponentStyleBudgetChecker
<s> [webpack.Progress] 92% sealing asset processing
<s> [webpack.Progress] 93% sealing after asset optimization
<s> [webpack.Progress] 93% sealing after asset optimization
<s> [webpack.Progress] 93% sealing recording
<s> [webpack.Progress] 93% sealing recording
<s> [webpack.Progress] 94% sealing after seal
<s> [webpack.Progress] 94% sealing after seal
<s> [webpack.Progress] 95% emitting emit
<s> [webpack.Progress] 95% emitting emit fork-ts-checker-webpack-plugin
<s> [webpack.Progress] 95% emitting emit
<s> [webpack.Progress] 98% emitting after emit
<s> [webpack.Progress] 98% emitting after emit SizeLimitsPlugin
<s> [webpack.Progress] 98% emitting after emit
<s> [webpack.Progress] 99% done plugins
<s> [webpack.Progress] 99% done plugins CaseSensitivePathsPlugin
<s> [webpack.Progress] 99% done plugins fork-ts-checker-webpack-plugin
<s> [webpack.Progress] 99% done plugins fork-ts-checker-webpack-plugin
<s> [webpack.Progress] 99% done plugins
<s> [webpack.Progress] 99% 

<s> [webpack.Progress] 99% cache store build dependencies
<s> [webpack.Progress] 99% cache store build dependencies
<s> [webpack.Progress] 99% cache begin idle
<s> [webpack.Progress] 99% cache begin idle
<s> [webpack.Progress] 100% 

info => Preview built (1.48 min)
WARN System.import() is deprecated and will be removed soon. Use import() instead.
WARN For more info visit https://webpack.js.org/guides/code-splitting/
WARN System.import() is deprecated and will be removed soon. Use import() instead.
WARN For more info visit https://webpack.js.org/guides/code-splitting/
WARN asset size limit: The following asset(s) exceed the recommended size limit (244 KiB).
WARN This can impact web performance.
WARN Assets: 
WARN   974.dcf7f58a.iframe.bundle.js (4.02 MiB)
WARN entrypoint size limit: The following entrypoint(s) combined asset size exceeds the recommended limit (244 KiB). This can impact web performance.
WARN Entrypoints:
WARN   main (4.08 MiB)
WARN       runtime~main.9bc59ed1.iframe.bundle.js
WARN       974.dcf7f58a.iframe.bundle.js
WARN       main.d945750d.iframe.bundle.js
WARN 
info => Output directory: /tmp/chromatic--24424-LgB1ItYugCGK

┌─────────────────────────────────────────────────────────────────┐
│                     npm update check failed                     │
│               Try running with sudo or get access               │
│              to the local update config store via               │
│ sudo chown -R $USER:$(id -gn $USER) /home/administrator/.config │
└─────────────────────────────────────────────────────────────────┘
